<?xml version="1.0" encoding="UTF-8"?>
<testsuite name="com.github.jomof.kane.DocumentationTest" tests="6" skipped="0" failures="0" errors="0" timestamp="2021-02-05T17:22:46" hostname="fv-az183-280" time="13.213">
  <properties/>
  <testcase name="advanced reading data section--types and missing data" classname="com.github.jomof.kane.DocumentationTest" time="3.99"/>
  <testcase name="reading data section--dealing with large CSV files" classname="com.github.jomof.kane.DocumentationTest" time="9.113"/>
  <testcase name="introductory section" classname="com.github.jomof.kane.DocumentationTest" time="0.003"/>
  <testcase name="reading data section--Pandas comparison" classname="com.github.jomof.kane.DocumentationTest" time="0.069"/>
  <testcase name="grouping by columns and expressions" classname="com.github.jomof.kane.DocumentationTest" time="0.002"/>
  <testcase name="Kane Goal Seeking" classname="com.github.jomof.kane.DocumentationTest" time="0.035"/>
  <system-out><![CDATA[Read 35549 rows with 8 columns
String
double
     name    type  format 
  --------- ------ ------ 
1 record_id double double 
2     month double double 
3       day double double 
4      year double double 
5      plot double double 
6   species String string 
7       sex String string 
8       wgt double double 
42.67243
3266
Sampled 76 of 87369 rows with 93 columns
            hospital_pk           ccn              zip          fips_code    total_beds_7_day_avg all_adult_hospital_beds_7_day_avg all_adult_hospital_inpatient_beds_7_day_avg inpatient_beds_used_7_day_avg all_adult_hospital_inpatient_bed_occupied_7_day_avg total_adult_patients_hospitalized_confirmed_and_suspected_covid_7_day_avg total_adult_patients_hospitalized_confirmed_covid_7_day_avg total_pediatric_patients_hospitalized_confirmed_and_suspected_covid_7_day_avg total_pediatric_patients_hospitalized_confirmed_covid_7_day_avg inpatient_beds_7_day_avg total_icu_beds_7_day_avg total_staffed_adult_icu_beds_7_day_avg icu_beds_used_7_day_avg staffed_adult_icu_bed_occupancy_7_day_avg staffed_icu_adult_patients_confirmed_and_suspected_covid_7_day_avg staffed_icu_adult_patients_confirmed_covid_7_day_avg total_patients_hospitalized_confirmed_influenza_7_day_avg icu_patients_confirmed_influenza_7_day_avg total_patients_hospitalized_confirmed_influenza_and_covid_7_day_avg total_beds_7_day_sum all_adult_hospital_beds_7_day_sum all_adult_hospital_inpatient_beds_7_day_sum inpatient_beds_used_7_day_sum all_adult_hospital_inpatient_bed_occupied_7_day_sum total_adult_patients_hospitalized_confirmed_and_suspected_covid_7_day_sum total_adult_patients_hospitalized_confirmed_covid_7_day_sum total_pediatric_patients_hospitalized_confirmed_and_suspected_covid_7_day_sum total_pediatric_patients_hospitalized_confirmed_covid_7_day_sum inpatient_beds_7_day_sum total_icu_beds_7_day_sum total_staffed_adult_icu_beds_7_day_sum icu_beds_used_7_day_sum staffed_adult_icu_bed_occupancy_7_day_sum staffed_icu_adult_patients_confirmed_and_suspected_covid_7_day_sum staffed_icu_adult_patients_confirmed_covid_7_day_sum total_patients_hospitalized_confirmed_influenza_7_day_sum icu_patients_confirmed_influenza_7_day_sum total_patients_hospitalized_confirmed_influenza_and_covid_7_day_sum total_beds_7_day_coverage all_adult_hospital_beds_7_day_coverage all_adult_hospital_inpatient_beds_7_day_coverage inpatient_beds_used_7_day_coverage all_adult_hospital_inpatient_bed_occupied_7_day_coverage total_adult_patients_hospitalized_confirmed_and_suspected_covid_7_day_coverage total_adult_patients_hospitalized_confirmed_covid_7_day_coverage total_pediatric_patients_hospitalized_confirmed_and_suspected_covid_7_day_coverage total_pediatric_patients_hospitalized_confirmed_covid_7_day_coverage inpatient_beds_7_day_coverage total_icu_beds_7_day_coverage total_staffed_adult_icu_beds_7_day_coverage icu_beds_used_7_day_coverage staffed_adult_icu_bed_occupancy_7_day_coverage staffed_icu_adult_patients_confirmed_and_suspected_covid_7_day_coverage staffed_icu_adult_patients_confirmed_covid_7_day_coverage total_patients_hospitalized_confirmed_influenza_7_day_coverage icu_patients_confirmed_influenza_7_day_coverage total_patients_hospitalized_confirmed_influenza_and_covid_7_day_coverage previous_day_admission_adult_covid_confirmed_7_day_sum previous_day_admission_adult_covid_confirmed_18-19_7_day_sum previous_day_admission_adult_covid_confirmed_20-29_7_day_sum previous_day_admission_adult_covid_confirmed_30-39_7_day_sum previous_day_admission_adult_covid_confirmed_40-49_7_day_sum previous_day_admission_adult_covid_confirmed_50-59_7_day_sum previous_day_admission_adult_covid_confirmed_60-69_7_day_sum previous_day_admission_adult_covid_confirmed_70-79_7_day_sum previous_day_admission_adult_covid_confirmed_80+_7_day_sum previous_day_admission_adult_covid_confirmed_unknown_7_day_sum previous_day_admission_pediatric_covid_confirmed_7_day_sum previous_day_covid_ED_visits_7_day_sum previous_day_admission_adult_covid_suspected_7_day_sum previous_day_admission_adult_covid_suspected_18-19_7_day_sum previous_day_admission_adult_covid_suspected_20-29_7_day_sum previous_day_admission_adult_covid_suspected_30-39_7_day_sum previous_day_admission_adult_covid_suspected_40-49_7_day_sum previous_day_admission_adult_covid_suspected_50-59_7_day_sum previous_day_admission_adult_covid_suspected_60-69_7_day_sum previous_day_admission_adult_covid_suspected_70-79_7_day_sum previous_day_admission_adult_covid_suspected_80+_7_day_sum previous_day_admission_adult_covid_suspected_unknown_7_day_sum previous_day_admission_pediatric_covid_suspected_7_day_sum previous_day_total_ED_visits_7_day_sum previous_day_admission_influenza_confirmed_7_day_sum 
         ----------------- ----------------- --------------- --------------- -------------------- --------------------------------- ------------------------------------------- ----------------------------- --------------------------------------------------- ------------------------------------------------------------------------- ----------------------------------------------------------- ----------------------------------------------------------------------------- --------------------------------------------------------------- ------------------------ ------------------------ -------------------------------------- ----------------------- ----------------------------------------- ------------------------------------------------------------------ ---------------------------------------------------- --------------------------------------------------------- ------------------------------------------ ------------------------------------------------------------------- -------------------- --------------------------------- ------------------------------------------- ----------------------------- --------------------------------------------------- ------------------------------------------------------------------------- ----------------------------------------------------------- ----------------------------------------------------------------------------- --------------------------------------------------------------- ------------------------ ------------------------ -------------------------------------- ----------------------- ----------------------------------------- ------------------------------------------------------------------ ---------------------------------------------------- --------------------------------------------------------- ------------------------------------------ ------------------------------------------------------------------- ------------------------- -------------------------------------- ------------------------------------------------ ---------------------------------- -------------------------------------------------------- ------------------------------------------------------------------------------ ---------------------------------------------------------------- ---------------------------------------------------------------------------------- -------------------------------------------------------------------- ----------------------------- ----------------------------- ------------------------------------------- ---------------------------- ---------------------------------------------- ----------------------------------------------------------------------- --------------------------------------------------------- -------------------------------------------------------------- ----------------------------------------------- ------------------------------------------------------------------------ ------------------------------------------------------ ------------------------------------------------------------ ------------------------------------------------------------ ------------------------------------------------------------ ------------------------------------------------------------ ------------------------------------------------------------ ------------------------------------------------------------ ------------------------------------------------------------ ---------------------------------------------------------- -------------------------------------------------------------- ---------------------------------------------------------- -------------------------------------- ------------------------------------------------------ ------------------------------------------------------------ ------------------------------------------------------------ ------------------------------------------------------------ ------------------------------------------------------------ ------------------------------------------------------------ ------------------------------------------------------------ ------------------------------------------------------------ ---------------------------------------------------------- -------------------------------------------------------------- ---------------------------------------------------------- -------------------------------------- ---------------------------------------------------- 
   count                76                76              76              76                   75                                66                                          68                            75                                                  71                                                                        75                                                          75                                                                            75                                                              75                       75                       75                                     69                      75                                        71                                                                 72                                                   71                                                        23                                         23                                                                  23                   75                                66                                          68                            75                                                  71                                                                        75                                                          75                                                                            75                                                              75                       75                       75                                     69                      75                                        71                                                                 72                                                   71                                                        23                                         23                                                                  23                        76                                     76                                               76                                 76                                                       76                                                                             76                                                               76                                                                                 76                                                                   76                            76                            76                                          76                           76                                             76                                                                      76                                                        76                                                             76                                              76                                                                       76                                                     74                                                           67                                                           68                                                           67                                                           70                                                           70                                                           70                                                           68                                                         70                                                             71                                                         73                                     70                                                     73                                                           67                                                           68                                                           68                                                           68                                                           68                                                           68                                                           70                                                         69                                                             70                                                         72                                     72                                                   23 
     NaN                 0                 0               0               0                    1                                10                                           8                             1                                                   5                                                                         1                                                           1                                                                             1                                                               1                        1                        1                                      7                       1                                         5                                                                  4                                                    5                                                        53                                         53                                                                  53                    1                                10                                           8                             1                                                   5                                                                         1                                                           1                                                                             1                                                               1                        1                        1                                      7                       1                                         5                                                                  4                                                    5                                                        53                                         53                                                                  53                         0                                      0                                                0                                  0                                                        0                                                                              0                                                                0                                                                                  0                                                                    0                             0                             0                                           0                            0                                              0                                                                       0                                                         0                                                              0                                               0                                                                        0                                                      2                                                            9                                                            8                                                            9                                                            6                                                            6                                                            6                                                            8                                                          6                                                              5                                                          3                                      6                                                      3                                                            9                                                            8                                                            8                                                            8                                                            8                                                            8                                                            6                                                          7                                                              6                                                          4                                      4                                                   53 
    mean      234768.52632      234768.52632     59506.56579           26683           -13183.564                       -30165.9697                                -43998.94706                    -66578.048                                        -56249.92958                                                             -466655.50533                                               -599991.46133                                                                 -986665.61333                                                         -999999             -39871.62533            -386651.43733                          -405784.68841           -466656.31067                             -464779.46479                                                      -777775.43889                                         -788730.2169                                                   -999999                                    -999999                                                       -956520.21739         -12305.17333                      -29356.21212                                -43300.98529                     -26056.56                                        -27565.92958                                                                 -253256.4                                                  -346607.36                                                                 -973331.81333                                                   -986665.49333             -39118.25333            -279895.18667                          -304262.84058           -359929.78667                             -352050.61972                                                      -472206.76389                                        -507028.38028                                                   -999999                                    -999999                                                        -956517.3913                   6.55263                                5.89474                                          6.03947                            6.53947                                                  6.22368                                                                        6.61842                                                          6.59211                                                                            6.59211                                                              6.56579                       6.53947                       6.56579                                     6.13158                      6.56579                                        6.23684                                                                 6.30263                                                   6.28947                                                        1.98684                                         1.98684                                                                  1.98684                                          -499989.08108                                                      -999999                                                -985293.01471                                                -910446.35821                                                -914284.14286                                                    -899998.1                                                -814282.74286                                                -764702.92647                                              -814283.32857                                                        -999999                                                    -999999                          -314233.45714                                           -671224.0274                                                      -999999                                                -985293.02941                                                -955881.11765                                                -955880.94118                                                -911763.05882                                                -852938.95588                                                -828569.01429                                              -840577.07246                                                      -985713.2                                              -972221.13889                          -138488.11111                                              -999999 
     min             10168             10168             791            1023              -999999                           -999999                                     -999999                       -999999                                             -999999                                                                   -999999                                                     -999999                                                                       -999999                                                         -999999                  -999999                  -999999                                -999999                 -999999                                   -999999                                                            -999999                                              -999999                                                   -999999                                    -999999                                                             -999999              -999999                           -999999                                     -999999                       -999999                                             -999999                                                                   -999999                                                     -999999                                                                       -999999                                                         -999999                  -999999                  -999999                                -999999                 -999999                                   -999999                                                            -999999                                              -999999                                                   -999999                                    -999999                                                             -999999                         0                                      0                                                0                                  0                                                        0                                                                              0                                                                0                                                                                  0                                                                    0                             0                             0                                           0                            0                                              0                                                                       0                                                         0                                                              0                                               0                                                                        0                                                -999999                                                      -999999                                                      -999999                                                      -999999                                                      -999999                                                      -999999                                                      -999999                                                      -999999                                                    -999999                                                        -999999                                                    -999999                                -999999                                                -999999                                                      -999999                                                      -999999                                                      -999999                                                      -999999                                                      -999999                                                      -999999                                                      -999999                                                    -999999                                                        -999999                                                    -999999                                -999999                                              -999999 
     25%            100107            100107           38732           12071                   35                                34                                          26                           8.4                                                 8.4                                                                   -999999                                                     -999999                                                                       -999999                                                         -999999                       27                  -999999                                -999999                 -999999                                   -999999                                                            -999999                                              -999999                                                   -999999                                    -999999                                                             -999999                  245                               238                                         174                            54                                                  54                                                                   -999999                                                     -999999                                                                       -999999                                                         -999999                      175                  -999999                                -999999                 -999999                                   -999999                                                            -999999                                              -999999                                                   -999999                                    -999999                                                             -999999                         7                                      7                                                7                                  7                                                        7                                                                              7                                                                7                                                                                  7                                                                    7                             7                             7                                           7                            7                                              7                                                                       7                                                         7                                                              0                                               0                                                                        0                                                -999999                                                      -999999                                                      -999999                                                      -999999                                                      -999999                                                      -999999                                                      -999999                                                      -999999                                                    -999999                                                        -999999                                                    -999999                                -999999                                                -999999                                                      -999999                                                      -999999                                                      -999999                                                      -999999                                                      -999999                                                      -999999                                                      -999999                                                    -999999                                                        -999999                                                    -999999                                     68                                              -999999 
  median            240115            240115           60160           27003                   82                                70                                          59                          38.3                                                37.3                                                                         5                                                     -999999                                                                       -999999                                                         -999999                       70                        8                                      8                     5.1                                       5.1                                                            -999999                                              -999999                                                   -999999                                    -999999                                                             -999999                  490                               430                                         393                           229                                                 229                                                                        27                                                          17                                                                       -999999                                                         -999999                      413                       56                                     49                      32                                        32                                                                  5                                              -999999                                                   -999999                                    -999999                                                             -999999                         7                                      7                                                7                                  7                                                        7                                                                              7                                                                7                                                                                  7                                                                    7                             7                             7                                           7                            7                                              7                                                                       7                                                         7                                                              0                                               0                                                                        0                                                      4                                                      -999999                                                      -999999                                                      -999999                                                      -999999                                                      -999999                                                      -999999                                                      -999999                                                    -999999                                                        -999999                                                    -999999                                     29                                                -999999                                                      -999999                                                      -999999                                                      -999999                                                      -999999                                                      -999999                                                      -999999                                                      -999999                                                    -999999                                                        -999999                                                    -999999                                    266                                              -999999 
     75%            390211            390211           81505           42085                223.4                             223.4                                       183.4                         108.3                                               106.8                                                                      11.1                                                         8.9                                                                       -999999                                                         -999999                      185                     21.1                                     16                    14.1                                      14.1                                                            -999999                                              -999999                                                   -999999                                    -999999                                                             -999999                 1564                              1564                                        1284                           658                                                 657                                                                        78                                                          62                                                                       -999999                                                         -999999                     1295                      148                                    112                      99                                        99                                                                 22                                                   20                                                   -999999                                    -999999                                                             -999999                         7                                      7                                                7                                  7                                                        7                                                                              7                                                                7                                                                                  7                                                                    7                             7                             7                                           7                            7                                              7                                                                       7                                                         7                                                              7                                               7                                                                        7                                                     12                                                      -999999                                                      -999999                                                      -999999                                                      -999999                                                      -999999                                                      -999999                                                      -999999                                                    -999999                                                        -999999                                                    -999999                                     66                                                      7                                                      -999999                                                      -999999                                                      -999999                                                      -999999                                                      -999999                                                      -999999                                                      -999999                                                    -999999                                                        -999999                                                    -999999                                    625                                              -999999 
     max            520075            520075           98055           72069                778.6                             767.9                                       694.9                         565.9                                               553.9                                                                     119.6                                                         116                                                                             5                                                         -999999                    715.6                      100                                     91                      69                                        69                                                               19.1                                                 19.1                                                   -999999                                    -999999                                                                  13                 5450                              5375                                        4864                          3961                                                3877                                                                       837                                                         812                                                                            35                                                              14                     5009                      700                                    637                     483                                       483                                                                134                                                  134                                                   -999999                                    -999999                                                                  78                         7                                      7                                                7                                  7                                                        7                                                                              7                                                                7                                                                                  7                                                                    7                             7                             7                                           7                            7                                              7                                                                       7                                                         7                                                              7                                               7                                                                        7                                                    128                                                      -999999                                                            8                                                           12                                                           14                                                           21                                                           31                                                           23                                                         24                                                        -999999                                                    -999999                                    350                                                     82                                                      -999999                                                            7                                                            8                                                           13                                                           11                                                           18                                                           16                                                         24                                                              7                                                          4                                   2140                                              -999999 
variance 24601125311.34596 24601125311.34596 612327610.06228 314594634.13333    13337383864.36909                 29845227335.14123                           42811260722.07386             63074917568.10927                                    53933509282.7944                                                        252261864742.70166                                          243252412199.57639                                                             13333440000.21333                                                               0        38929268715.71136        240371513469.3884                     244681180994.33438      252261102711.87253                        252321678626.31439                                                 175275977474.28491                                   169015968458.98972                                                         0                                          0                                                   43479304354.08696    13362573077.65874                 29896249329.00047                           42874640648.46246             26339928538.62811                                   27801691492.12353                                                        191750725159.97296                                          229590536953.44974                                                             26307332267.93766                                               13333680002.25333        38991427699.40794       204383264725.82962                     214885646029.66531       233564030080.6835                        231431949517.09619                                                 252752502085.92947                                   253534368273.95334                                                         0                                          0                                                   43484956779.52174                   1.58386                                5.77544                                          4.89175                            1.61175                                                  3.56263                                                                        1.30579                                                          1.44474                                                                             1.3114                                                              1.44895                       1.58509                       1.58228                                     4.35579                      1.58228                                        3.59649                                                                 3.33386                                                   3.48842                                                        9.77316                                         9.77316                                                                  9.77316                                      253434712762.0481                                                            0                                            14706088236.01471                                            82768723204.62733                                            79504165636.12424                                            91305991316.49712                                            153419406244.5416                                           182619366133.94977                                          153418438524.8035                                                              0                                                          0                      218666231589.2373                                     223754976324.16589                                                            0                                            14706058824.05884                                             42801158912.6128                                            42801501320.95174                                            81651768222.59346                                           127306766472.87866                                           144101756534.30408                                          135978923295.8623                                                  14285885714.8                                          27386705790.54382                     121396076922.29732                                                    0 
  stddev      156847.45873      156847.45873     24745.25429     17736.81578         115487.59182                      172757.71281                                206908.82224                  251147.20299                                        232235.89146                                                              502256.77172                                                493206.25726                                                                  115470.51572                                                               0             197305.01442             490276.97628                           494652.58616            502256.01312                              502316.31332                                                        418659.7395                                         411115.51717                                                         0                                          0                                                        208516.91623         115596.59631                      172905.31897                                207061.92467                  162295.80567                                        166738.39238                                                              437893.50893                                                479156.06743                                                                  162195.35218                                                    115471.55495             197462.47162             452087.67372                           463557.59732            483284.62636                              481073.74644                                                       502744.96724                                         503521.96404                                                         0                                          0                                                        208530.46967                   1.25851                                2.40321                                          2.21173                            1.26955                                                  1.88749                                                                        1.14271                                                          1.20197                                                                            1.14517                                                              1.20372                         1.259                       1.25789                                     2.08705                      1.25789                                        1.89644                                                                 1.82589                                                   1.86773                                                        3.12621                                         3.12621                                                                  3.12621                                           503422.99586                                                            0                                                 121268.66139                                                 287695.53908                                                  281964.8305                                                 302168.81261                                                 391687.89392                                                 427339.87192                                                391686.6586                                                              0                                                          0                           467617.61257                                           473027.45832                                                            0                                                 121268.54013                                                 206884.40954                                                 206885.23708                                                 285747.73529                                                 356800.73777                                                 379607.37155                                               368753.20107                                                   119523.57807                                               165489.29207                           348419.39803                                                    0 
skewness           0.27005           0.27005        -0.25478         0.46057             -8.48605                          -5.48007                                    -4.43991                      -3.47439                                            -3.84834                                                                  -0.13363                                                     0.40825                                                                       8.48608                                                                                 -4.69485                 -0.46545                               -0.38368                -0.13363                                   -0.1412                                                            1.33631                                              1.41463                                                                                                                                                                  4.47722             -8.48464                          -5.47973                                    -4.43977                      -5.87576                                             -5.7032                                                                  -1.13431                                                    -0.64438                                                                         5.876                                                         8.48608                 -4.69465                 -0.97996                               -0.85042                -0.58333                                  -0.61926                                                           -0.11128                                              0.02817                                                                                                                                                                  4.47722                  -3.55371                               -1.93514                                         -2.17898                             -3.454                                                  -2.5412                                                                       -3.74797                                                         -3.48778                                                                           -3.65974                                                             -3.41079                      -3.51976                      -3.58888                                    -2.39054                     -3.58888                                       -2.56347                                                                -2.69026                                                  -2.70079                                                        0.95589                                         0.95589                                                                  0.95589                                                      0                                                                                                                   8.06318                                                       2.8749                                                       2.9598                                                      2.66667                                                      1.61638                                                      1.24808                                                    1.61638                                                                                                                                                         -0.80009                                                0.72901                                                                                                                   8.06318                                                      4.43991                                                      4.43991                                                      2.90346                                                      1.99309                                                      1.74363                                                    1.86075                                                        8.18624                                                    5.74705                               -2.08836                                                      
kurtosis          -1.21328          -1.21328        -0.79528        -0.60341             70.01319                           28.0312                                     17.7128                      10.07142                                            12.80969                                                                  -1.98214                                                    -1.83333                                                                      70.01351                                                                                 20.04164                 -1.78336                               -1.85279                -1.98214                                  -1.98006                                                           -0.21429                                              0.00119                                                                                                                                                                 18.04545             69.99752                          28.02879                                    17.71199                      32.52555                                            30.52736                                                                  -0.71335                                                    -1.58477                                                                       32.5274                                                        70.01351                 20.04042                 -1.03968                               -1.27679                -1.65972                                  -1.61652                                                           -1.98762                                             -1.99921                                                                                                                                                                 18.04545                  13.30786                                1.96063                                          3.10752                            12.6332                                                  5.30075                                                                       15.52525                                                         12.88813                                                                           15.02709                                                               12.494                       13.1341                      13.49063                                     4.15703                     13.49063                                        5.29911                                                                 5.98577                                                   6.00437                                                       -1.05714                                        -1.05714                                                                 -1.05714                                                     -2                                                                                                                  63.01493                                                      6.26503                                                      6.76042                                                      5.11111                                                      0.61269                                                     -0.44231                                                    0.61269                                                                                                                                                         -1.35985                                               -1.46854                                                                                                                  63.01493                                                     17.71282                                                     17.71282                                                      6.43011                                                      1.97241                                                      1.04023                                                    1.46238                                                       65.01449                                                   31.02857                                2.36128                                                      
      cv           0.66809           0.66809         0.41584         0.66472             -8.75997                          -5.72691                                    -4.70259                      -3.77222                                            -4.12864                                                                  -1.07629                                                    -0.82202                                                                      -0.11703                                                               0                 -4.94851                 -1.26801                                 -1.219                -1.07629                                  -1.08076                                                           -0.53828                                             -0.52124                                                         0                                          0                                                              -0.218             -9.39415                          -5.88991                                    -4.78192                       -6.2286                                            -6.04871                                                                  -1.72905                                                    -1.38242                                                                      -0.16664                                                        -0.11703                 -5.04783                  -1.6152                               -1.52354                -1.34272                                  -1.36649                                                           -1.06467                                             -0.99308                                                         0                                          0                                                            -0.21801                   0.19206                                0.40769                                          0.36621                            0.19414                                                  0.30328                                                                        0.17266                                                          0.18234                                                                            0.17372                                                              0.18333                       0.19252                       0.19158                                     0.34038                      0.19158                                        0.30407                                                                  0.2897                                                   0.29696                                                        1.57345                                         1.57345                                                                  1.57345                                               -1.00687                                                            0                                                     -0.12308                                                     -0.31599                                                      -0.3084                                                     -0.33574                                                     -0.48102                                                     -0.55883                                                   -0.48102                                                              0                                                          0                               -1.48812                                               -0.70472                                                            0                                                     -0.12308                                                     -0.21643                                                     -0.21643                                                      -0.3134                                                     -0.41832                                                     -0.45815                                                   -0.43869                                                       -0.12126                                                   -0.17022                               -2.51588                                                    0 
     sum          17842408          17842408         4522499         2027908            -988767.3                          -1990954                                  -2991928.4                    -4993353.6                                            -3993745                                                               -34999162.9                                                 -44999359.6                                                                     -73999921                                                       -74999925               -2990371.9              -28998857.8                            -27999143.5             -34999223.3                                 -32999342                                                        -55999831.6                                          -55999845.4                                                 -22999977                                  -22999977                                                           -21999965              -922888                          -1937510                                    -2944467                      -1954242                                            -1957181                                                                 -18994230                                                   -25995552                                                                     -72999886                                                       -73999912                 -2933869                -20992139                              -20994136               -26994734                                 -24995594                                                          -33998887                                            -35999015                                                 -22999977                                  -22999977                                                           -21999900                       498                                    448                                              459                                497                                                      473                                                                            503                                                              501                                                                                501                                                                  499                           497                           499                                         466                          499                                            474                                                                     479                                                       478                                                            151                                             151                                                                      151                                              -36999192                                                    -66999933                                                    -66999925                                                    -60999906                                                    -63999890                                                    -62999867                                                    -56999792                                                    -51999799                                                  -56999833                                                      -70999929                                                  -72999927                              -21996342                                              -48999354                                                    -66999933                                                    -66999926                                                    -64999916                                                    -64999904                                                    -61999888                                                    -57999849                                                    -57999831                                                  -57999818                                                      -68999924                                                  -69999922                               -9971144                                            -22999977 

<table id="table_id" class="display">
<thead><tr>
  <th/><th>hospital_pk</th><th>ccn</th><th>zip</th><th>fips_code</th><th>total_beds_7_day_avg</th><th>all_adult_hospital_beds_7_day_avg</th><th>all_adult_hospital_inpatient_beds_7_day_avg</th><th>inpatient_beds_used_7_day_avg</th><th>all_adult_hospital_inpatient_bed_occupied_7_day_avg</th><th>total_adult_patients_hospitalized_confirmed_and_suspected_covid_7_day_avg</th><th>total_adult_patients_hospitalized_confirmed_covid_7_day_avg</th><th>total_pediatric_patients_hospitalized_confirmed_and_suspected_covid_7_day_avg</th><th>total_pediatric_patients_hospitalized_confirmed_covid_7_day_avg</th><th>inpatient_beds_7_day_avg</th><th>total_icu_beds_7_day_avg</th><th>total_staffed_adult_icu_beds_7_day_avg</th><th>icu_beds_used_7_day_avg</th><th>staffed_adult_icu_bed_occupancy_7_day_avg</th><th>staffed_icu_adult_patients_confirmed_and_suspected_covid_7_day_avg</th><th>staffed_icu_adult_patients_confirmed_covid_7_day_avg</th><th>total_patients_hospitalized_confirmed_influenza_7_day_avg</th><th>icu_patients_confirmed_influenza_7_day_avg</th><th>total_patients_hospitalized_confirmed_influenza_and_covid_7_day_avg</th><th>total_beds_7_day_sum</th><th>all_adult_hospital_beds_7_day_sum</th><th>all_adult_hospital_inpatient_beds_7_day_sum</th><th>inpatient_beds_used_7_day_sum</th><th>all_adult_hospital_inpatient_bed_occupied_7_day_sum</th><th>total_adult_patients_hospitalized_confirmed_and_suspected_covid_7_day_sum</th><th>total_adult_patients_hospitalized_confirmed_covid_7_day_sum</th><th>total_pediatric_patients_hospitalized_confirmed_and_suspected_covid_7_day_sum</th><th>total_pediatric_patients_hospitalized_confirmed_covid_7_day_sum</th><th>inpatient_beds_7_day_sum</th><th>total_icu_beds_7_day_sum</th><th>total_staffed_adult_icu_beds_7_day_sum</th><th>icu_beds_used_7_day_sum</th><th>staffed_adult_icu_bed_occupancy_7_day_sum</th><th>staffed_icu_adult_patients_confirmed_and_suspected_covid_7_day_sum</th><th>staffed_icu_adult_patients_confirmed_covid_7_day_sum</th><th>total_patients_hospitalized_confirmed_influenza_7_day_sum</th><th>icu_patients_confirmed_influenza_7_day_sum</th><th>total_patients_hospitalized_confirmed_influenza_and_covid_7_day_sum</th><th>total_beds_7_day_coverage</th><th>all_adult_hospital_beds_7_day_coverage</th><th>all_adult_hospital_inpatient_beds_7_day_coverage</th><th>inpatient_beds_used_7_day_coverage</th><th>all_adult_hospital_inpatient_bed_occupied_7_day_coverage</th><th>total_adult_patients_hospitalized_confirmed_and_suspected_covid_7_day_coverage</th><th>total_adult_patients_hospitalized_confirmed_covid_7_day_coverage</th><th>total_pediatric_patients_hospitalized_confirmed_and_suspected_covid_7_day_coverage</th><th>total_pediatric_patients_hospitalized_confirmed_covid_7_day_coverage</th><th>inpatient_beds_7_day_coverage</th><th>total_icu_beds_7_day_coverage</th><th>total_staffed_adult_icu_beds_7_day_coverage</th><th>icu_beds_used_7_day_coverage</th><th>staffed_adult_icu_bed_occupancy_7_day_coverage</th><th>staffed_icu_adult_patients_confirmed_and_suspected_covid_7_day_coverage</th><th>staffed_icu_adult_patients_confirmed_covid_7_day_coverage</th><th>total_patients_hospitalized_confirmed_influenza_7_day_coverage</th><th>icu_patients_confirmed_influenza_7_day_coverage</th><th>total_patients_hospitalized_confirmed_influenza_and_covid_7_day_coverage</th><th>previous_day_admission_adult_covid_confirmed_7_day_sum</th><th>previous_day_admission_adult_covid_confirmed_18-19_7_day_sum</th><th>previous_day_admission_adult_covid_confirmed_20-29_7_day_sum</th><th>previous_day_admission_adult_covid_confirmed_30-39_7_day_sum</th><th>previous_day_admission_adult_covid_confirmed_40-49_7_day_sum</th><th>previous_day_admission_adult_covid_confirmed_50-59_7_day_sum</th><th>previous_day_admission_adult_covid_confirmed_60-69_7_day_sum</th><th>previous_day_admission_adult_covid_confirmed_70-79_7_day_sum</th><th>previous_day_admission_adult_covid_confirmed_80+_7_day_sum</th><th>previous_day_admission_adult_covid_confirmed_unknown_7_day_sum</th><th>previous_day_admission_pediatric_covid_confirmed_7_day_sum</th><th>previous_day_covid_ED_visits_7_day_sum</th><th>previous_day_admission_adult_covid_suspected_7_day_sum</th><th>previous_day_admission_adult_covid_suspected_18-19_7_day_sum</th><th>previous_day_admission_adult_covid_suspected_20-29_7_day_sum</th><th>previous_day_admission_adult_covid_suspected_30-39_7_day_sum</th><th>previous_day_admission_adult_covid_suspected_40-49_7_day_sum</th><th>previous_day_admission_adult_covid_suspected_50-59_7_day_sum</th><th>previous_day_admission_adult_covid_suspected_60-69_7_day_sum</th><th>previous_day_admission_adult_covid_suspected_70-79_7_day_sum</th><th>previous_day_admission_adult_covid_suspected_80+_7_day_sum</th><th>previous_day_admission_adult_covid_suspected_unknown_7_day_sum</th><th>previous_day_admission_pediatric_covid_suspected_7_day_sum</th><th>previous_day_total_ED_visits_7_day_sum</th><th>previous_day_admission_influenza_confirmed_7_day_sum</th></thead></tr>
  <tbody>
    <tr><td>count</td><td>76</td><td>76</td><td>76</td><td>76</td><td>75</td><td>66</td><td>68</td><td>75</td><td>71</td><td>75</td><td>75</td><td>75</td><td>75</td><td>75</td><td>75</td><td>69</td><td>75</td><td>71</td><td>72</td><td>71</td><td>23</td><td>23</td><td>23</td><td>75</td><td>66</td><td>68</td><td>75</td><td>71</td><td>75</td><td>75</td><td>75</td><td>75</td><td>75</td><td>75</td><td>69</td><td>75</td><td>71</td><td>72</td><td>71</td><td>23</td><td>23</td><td>23</td><td>76</td><td>76</td><td>76</td><td>76</td><td>76</td><td>76</td><td>76</td><td>76</td><td>76</td><td>76</td><td>76</td><td>76</td><td>76</td><td>76</td><td>76</td><td>76</td><td>76</td><td>76</td><td>76</td><td>74</td><td>67</td><td>68</td><td>67</td><td>70</td><td>70</td><td>70</td><td>68</td><td>70</td><td>71</td><td>73</td><td>70</td><td>73</td><td>67</td><td>68</td><td>68</td><td>68</td><td>68</td><td>68</td><td>70</td><td>69</td><td>70</td><td>72</td><td>72</td><td>23</td></tr>
    <tr><td>NaN</td><td>0</td><td>0</td><td>0</td><td>0</td><td>1</td><td>10</td><td>8</td><td>1</td><td>5</td><td>1</td><td>1</td><td>1</td><td>1</td><td>1</td><td>1</td><td>7</td><td>1</td><td>5</td><td>4</td><td>5</td><td>53</td><td>53</td><td>53</td><td>1</td><td>10</td><td>8</td><td>1</td><td>5</td><td>1</td><td>1</td><td>1</td><td>1</td><td>1</td><td>1</td><td>7</td><td>1</td><td>5</td><td>4</td><td>5</td><td>53</td><td>53</td><td>53</td><td>0</td><td>0</td><td>0</td><td>0</td><td>0</td><td>0</td><td>0</td><td>0</td><td>0</td><td>0</td><td>0</td><td>0</td><td>0</td><td>0</td><td>0</td><td>0</td><td>0</td><td>0</td><td>0</td><td>2</td><td>9</td><td>8</td><td>9</td><td>6</td><td>6</td><td>6</td><td>8</td><td>6</td><td>5</td><td>3</td><td>6</td><td>3</td><td>9</td><td>8</td><td>8</td><td>8</td><td>8</td><td>8</td><td>6</td><td>7</td><td>6</td><td>4</td><td>4</td><td>53</td></tr>
    <tr><td>mean</td><td>234768.52632</td><td>234768.52632</td><td>59506.56579</td><td>26683</td><td>-13183.564</td><td>-30165.9697</td><td>-43998.94706</td><td>-66578.048</td><td>-56249.92958</td><td>-466655.50533</td><td>-599991.46133</td><td>-986665.61333</td><td>-999999</td><td>-39871.62533</td><td>-386651.43733</td><td>-405784.68841</td><td>-466656.31067</td><td>-464779.46479</td><td>-777775.43889</td><td>-788730.2169</td><td>-999999</td><td>-999999</td><td>-956520.21739</td><td>-12305.17333</td><td>-29356.21212</td><td>-43300.98529</td><td>-26056.56</td><td>-27565.92958</td><td>-253256.4</td><td>-346607.36</td><td>-973331.81333</td><td>-986665.49333</td><td>-39118.25333</td><td>-279895.18667</td><td>-304262.84058</td><td>-359929.78667</td><td>-352050.61972</td><td>-472206.76389</td><td>-507028.38028</td><td>-999999</td><td>-999999</td><td>-956517.3913</td><td>6.55263</td><td>5.89474</td><td>6.03947</td><td>6.53947</td><td>6.22368</td><td>6.61842</td><td>6.59211</td><td>6.59211</td><td>6.56579</td><td>6.53947</td><td>6.56579</td><td>6.13158</td><td>6.56579</td><td>6.23684</td><td>6.30263</td><td>6.28947</td><td>1.98684</td><td>1.98684</td><td>1.98684</td><td>-499989.08108</td><td>-999999</td><td>-985293.01471</td><td>-910446.35821</td><td>-914284.14286</td><td>-899998.1</td><td>-814282.74286</td><td>-764702.92647</td><td>-814283.32857</td><td>-999999</td><td>-999999</td><td>-314233.45714</td><td>-671224.0274</td><td>-999999</td><td>-985293.02941</td><td>-955881.11765</td><td>-955880.94118</td><td>-911763.05882</td><td>-852938.95588</td><td>-828569.01429</td><td>-840577.07246</td><td>-985713.2</td><td>-972221.13889</td><td>-138488.11111</td><td>-999999</td></tr>
[...]
    <tr><td>stddev</td><td>156847.45873</td><td>156847.45873</td><td>24745.25429</td><td>17736.81578</td><td>115487.59182</td><td>172757.71281</td><td>206908.82224</td><td>251147.20299</td><td>232235.89146</td><td>502256.77172</td><td>493206.25726</td><td>115470.51572</td><td>0</td><td>197305.01442</td><td>490276.97628</td><td>494652.58616</td><td>502256.01312</td><td>502316.31332</td><td>418659.7395</td><td>411115.51717</td><td>0</td><td>0</td><td>208516.91623</td><td>115596.59631</td><td>172905.31897</td><td>207061.92467</td><td>162295.80567</td><td>166738.39238</td><td>437893.50893</td><td>479156.06743</td><td>162195.35218</td><td>115471.55495</td><td>197462.47162</td><td>452087.67372</td><td>463557.59732</td><td>483284.62636</td><td>481073.74644</td><td>502744.96724</td><td>503521.96404</td><td>0</td><td>0</td><td>208530.46967</td><td>1.25851</td><td>2.40321</td><td>2.21173</td><td>1.26955</td><td>1.88749</td><td>1.14271</td><td>1.20197</td><td>1.14517</td><td>1.20372</td><td>1.259</td><td>1.25789</td><td>2.08705</td><td>1.25789</td><td>1.89644</td><td>1.82589</td><td>1.86773</td><td>3.12621</td><td>3.12621</td><td>3.12621</td><td>503422.99586</td><td>0</td><td>121268.66139</td><td>287695.53908</td><td>281964.8305</td><td>302168.81261</td><td>391687.89392</td><td>427339.87192</td><td>391686.6586</td><td>0</td><td>0</td><td>467617.61257</td><td>473027.45832</td><td>0</td><td>121268.54013</td><td>206884.40954</td><td>206885.23708</td><td>285747.73529</td><td>356800.73777</td><td>379607.37155</td><td>368753.20107</td><td>119523.57807</td><td>165489.29207</td><td>348419.39803</td><td>0</td></tr>
    <tr><td>skewness</td><td>0.27005</td><td>0.27005</td><td>-0.25478</td><td>0.46057</td><td>-8.48605</td><td>-5.48007</td><td>-4.43991</td><td>-3.47439</td><td>-3.84834</td><td>-0.13363</td><td>0.40825</td><td>8.48608</td><td></td><td>-4.69485</td><td>-0.46545</td><td>-0.38368</td><td>-0.13363</td><td>-0.1412</td><td>1.33631</td><td>1.41463</td><td></td><td></td><td>4.47722</td><td>-8.48464</td><td>-5.47973</td><td>-4.43977</td><td>-5.87576</td><td>-5.7032</td><td>-1.13431</td><td>-0.64438</td><td>5.876</td><td>8.48608</td><td>-4.69465</td><td>-0.97996</td><td>-0.85042</td><td>-0.58333</td><td>-0.61926</td><td>-0.11128</td><td>0.02817</td><td></td><td></td><td>4.47722</td><td>-3.55371</td><td>-1.93514</td><td>-2.17898</td><td>-3.454</td><td>-2.5412</td><td>-3.74797</td><td>-3.48778</td><td>-3.65974</td><td>-3.41079</td><td>-3.51976</td><td>-3.58888</td><td>-2.39054</td><td>-3.58888</td><td>-2.56347</td><td>-2.69026</td><td>-2.70079</td><td>0.95589</td><td>0.95589</td><td>0.95589</td><td>0</td><td></td><td>8.06318</td><td>2.8749</td><td>2.9598</td><td>2.66667</td><td>1.61638</td><td>1.24808</td><td>1.61638</td><td></td><td></td><td>-0.80009</td><td>0.72901</td><td></td><td>8.06318</td><td>4.43991</td><td>4.43991</td><td>2.90346</td><td>1.99309</td><td>1.74363</td><td>1.86075</td><td>8.18624</td><td>5.74705</td><td>-2.08836</td><td></td></tr>
    <tr><td>kurtosis</td><td>-1.21328</td><td>-1.21328</td><td>-0.79528</td><td>-0.60341</td><td>70.01319</td><td>28.0312</td><td>17.7128</td><td>10.07142</td><td>12.80969</td><td>-1.98214</td><td>-1.83333</td><td>70.01351</td><td></td><td>20.04164</td><td>-1.78336</td><td>-1.85279</td><td>-1.98214</td><td>-1.98006</td><td>-0.21429</td><td>0.00119</td><td></td><td></td><td>18.04545</td><td>69.99752</td><td>28.02879</td><td>17.71199</td><td>32.52555</td><td>30.52736</td><td>-0.71335</td><td>-1.58477</td><td>32.5274</td><td>70.01351</td><td>20.04042</td><td>-1.03968</td><td>-1.27679</td><td>-1.65972</td><td>-1.61652</td><td>-1.98762</td><td>-1.99921</td><td></td><td></td><td>18.04545</td><td>13.30786</td><td>1.96063</td><td>3.10752</td><td>12.6332</td><td>5.30075</td><td>15.52525</td><td>12.88813</td><td>15.02709</td><td>12.494</td><td>13.1341</td><td>13.49063</td><td>4.15703</td><td>13.49063</td><td>5.29911</td><td>5.98577</td><td>6.00437</td><td>-1.05714</td><td>-1.05714</td><td>-1.05714</td><td>-2</td><td></td><td>63.01493</td><td>6.26503</td><td>6.76042</td><td>5.11111</td><td>0.61269</td><td>-0.44231</td><td>0.61269</td><td></td><td></td><td>-1.35985</td><td>-1.46854</td><td></td><td>63.01493</td><td>17.71282</td><td>17.71282</td><td>6.43011</td><td>1.97241</td><td>1.04023</td><td>1.46238</td><td>65.01449</td><td>31.02857</td><td>2.36128</td><td></td></tr>
    <tr><td>cv</td><td>0.66809</td><td>0.66809</td><td>0.41584</td><td>0.66472</td><td>-8.75997</td><td>-5.72691</td><td>-4.70259</td><td>-3.77222</td><td>-4.12864</td><td>-1.07629</td><td>-0.82202</td><td>-0.11703</td><td>0</td><td>-4.94851</td><td>-1.26801</td><td>-1.219</td><td>-1.07629</td><td>-1.08076</td><td>-0.53828</td><td>-0.52124</td><td>0</td><td>0</td><td>-0.218</td><td>-9.39415</td><td>-5.88991</td><td>-4.78192</td><td>-6.2286</td><td>-6.04871</td><td>-1.72905</td><td>-1.38242</td><td>-0.16664</td><td>-0.11703</td><td>-5.04783</td><td>-1.6152</td><td>-1.52354</td><td>-1.34272</td><td>-1.36649</td><td>-1.06467</td><td>-0.99308</td><td>0</td><td>0</td><td>-0.21801</td><td>0.19206</td><td>0.40769</td><td>0.36621</td><td>0.19414</td><td>0.30328</td><td>0.17266</td><td>0.18234</td><td>0.17372</td><td>0.18333</td><td>0.19252</td><td>0.19158</td><td>0.34038</td><td>0.19158</td><td>0.30407</td><td>0.2897</td><td>0.29696</td><td>1.57345</td><td>1.57345</td><td>1.57345</td><td>-1.00687</td><td>0</td><td>-0.12308</td><td>-0.31599</td><td>-0.3084</td><td>-0.33574</td><td>-0.48102</td><td>-0.55883</td><td>-0.48102</td><td>0</td><td>0</td><td>-1.48812</td><td>-0.70472</td><td>0</td><td>-0.12308</td><td>-0.21643</td><td>-0.21643</td><td>-0.3134</td><td>-0.41832</td><td>-0.45815</td><td>-0.43869</td><td>-0.12126</td><td>-0.17022</td><td>-2.51588</td><td>0</td></tr>
    <tr><td>sum</td><td>17842408</td><td>17842408</td><td>4522499</td><td>2027908</td><td>-988767.3</td><td>-1990954</td><td>-2991928.4</td><td>-4993353.6</td><td>-3993745</td><td>-34999162.9</td><td>-44999359.6</td><td>-73999921</td><td>-74999925</td><td>-2990371.9</td><td>-28998857.8</td><td>-27999143.5</td><td>-34999223.3</td><td>-32999342</td><td>-55999831.6</td><td>-55999845.4</td><td>-22999977</td><td>-22999977</td><td>-21999965</td><td>-922888</td><td>-1937510</td><td>-2944467</td><td>-1954242</td><td>-1957181</td><td>-18994230</td><td>-25995552</td><td>-72999886</td><td>-73999912</td><td>-2933869</td><td>-20992139</td><td>-20994136</td><td>-26994734</td><td>-24995594</td><td>-33998887</td><td>-35999015</td><td>-22999977</td><td>-22999977</td><td>-21999900</td><td>498</td><td>448</td><td>459</td><td>497</td><td>473</td><td>503</td><td>501</td><td>501</td><td>499</td><td>497</td><td>499</td><td>466</td><td>499</td><td>474</td><td>479</td><td>478</td><td>151</td><td>151</td><td>151</td><td>-36999192</td><td>-66999933</td><td>-66999925</td><td>-60999906</td><td>-63999890</td><td>-62999867</td><td>-56999792</td><td>-51999799</td><td>-56999833</td><td>-70999929</td><td>-72999927</td><td>-21996342</td><td>-48999354</td><td>-66999933</td><td>-66999926</td><td>-64999916</td><td>-64999904</td><td>-61999888</td><td>-57999849</td><td>-57999831</td><td>-57999818</td><td>-68999924</td><td>-69999922</td><td>-9971144</td><td>-22999977</td></tr>
  </tbody>
</table>

Read 87369 rows with 3 columns
   collection_week [A]           hospital_name [B]           all_adult_hospital_inpatient_bed_occupied_7_day_avg [C] 
   ------------------- ------------------------------------- ------------------------------------------------------- 
 1          2020-11-27         Crescent City Surgical Centre                                                 -999999 
 2          2020-11-27                    CDT Susana Centeno                                                 -999999 
 3          2020-11-27           Hospital Industrial C.F.S.E                                                     8.7 
 4          2020-11-27         Alexandria Emergency Hospital                                                 -999999 
 5          2020-11-27                  Elite Medical Center                                                 -999999 
 6          2020-11-27                          HealthproMed                                                 -999999 
 7          2020-11-27                 El Paso LTAC Hospital                                                    20.4 
 8          2020-11-27             Surgery Center of Zachary                                                 -999999 
 9          2020-11-27                  Hospital San Antonio                                                    11.8 
10          2020-11-27 Centro Medico Correccional de Bayamon                                                    36.7 
...and 87359 more rows
         all_adult_hospital_inpatient_bed_occupied_7_day_avg 
         --------------------------------------------------- 
   count                                               84097 
     NaN                                                3272 
    mean                                       -112609.63413 
     min                                             -999999 
     25%                                                10.3 
  median                                                35.7 
     75%                                               119.1 
     max                                              3825.9 
variance                                  100023254319.02496 
  stddev                                        316264.53219 
skewness                                            -2.44946 
kurtosis                                            -0.02809 
      cv                                             -2.8085 
     sum                                    -9470132401.1999 
         all_adult_hospital_inpatient_bed_occupied_7_day_avg 
         --------------------------------------------------- 
   count                                               74619 
     NaN                                               12750 
    mean                                           105.30992 
     min                                                   4 
     25%                                                14.6 
  median                                                47.6 
     75%                                               152.7 
     max                                              3825.9 
variance                                         25040.88875 
  stddev                                           158.24313 
skewness                                             4.84938 
kurtosis                                            42.17925 
      cv                                             1.50264 
     sum                                           7858120.8 
    A   
  ----- 
1     1 
2 A1+A1 
  A 
  - 
1 1 
2 2 
  A 
  - 
1 2 
2 4 
     A   
  ------ 
1  $5.20 
2 $10.40 
       format [A]           type [B]     
  -------------------- ----------------- 
1               double            double 
2    currency ($1,000)            dollar 
3 currency ($1,000.12) dollars and cents 
4  yyyy-MM-dd HH:mm:ss              date 
5           yyyy-MM-dd              date 
6               string            String 
Read 22 rows with 3 columns
   animal [A] uniq_id [B] water_need [C] 
   ---------- ----------- -------------- 
 1   elephant        1001            500 
 2   elephant        1002            600 
 3   elephant        1003            550 
 4      tiger        1004            300 
 5      tiger        1005            320 
 6      tiger        1006            330 
 7      tiger        1007            290 
 8      tiger        1008            310 
 9      zebra        1009            200 
10      zebra        1010            220 
...and 12 more rows
Read 1795 rows with 6 columns
     my_datetime [A]   event [B] country [C] user_id [D] source [E]   topic [F]   
   ------------------- --------- ----------- ----------- ---------- ------------- 
 1 2018-01-01 00:01:01      read   country_7  2458151261        SEO North America 
 2 2018-01-01 00:03:20      read   country_7  2458151262        SEO South America 
 3 2018-01-01 00:04:01      read   country_7  2458151263    AdWords        Africa 
 4 2018-01-01 00:04:02      read   country_7  2458151264    AdWords        Europe 
 5 2018-01-01 00:05:03      read   country_8  2458151265     Reddit North America 
 6 2018-01-01 00:05:42      read   country_6  2458151266     Reddit North America 
 7 2018-01-01 00:06:06      read   country_2  2458151267     Reddit        Europe 
 8 2018-01-01 00:06:15      read   country_6  2458151268    AdWords        Europe 
 9 2018-01-01 00:07:21      read   country_7  2458151269    AdWords North America 
10 2018-01-01 00:07:29      read   country_5  2458151270     Reddit North America 
...and 1785 more rows
      name     type         format       
  ----------- ------ ------------------- 
1 my_datetime   date yyyy-MM-dd HH:mm:ss 
2       event String              string 
3     country String              string 
4     user_id double              double 
5      source String              string 
6       topic String              string 
    my_datetime [A]   event [B] country [C] user_id [D] source [E]   topic [F]   
  ------------------- --------- ----------- ----------- ---------- ------------- 
1 2018-01-01 00:01:01      read   country_7  2458151261        SEO North America 
2 2018-01-01 00:03:20      read   country_7  2458151262        SEO South America 
3 2018-01-01 00:04:01      read   country_7  2458151263    AdWords        Africa 
4 2018-01-01 00:04:02      read   country_7  2458151264    AdWords        Europe 
5 2018-01-01 00:05:03      read   country_8  2458151265     Reddit North America 
       my_datetime [A]   event [B] country [C] user_id [D] source [E]   topic [F]   
     ------------------- --------- ----------- ----------- ---------- ------------- 
1791 2018-01-01 23:57:14      read   country_2  2458153051    AdWords North America 
1792 2018-01-01 23:58:33      read   country_8  2458153052        SEO          Asia 
1793 2018-01-01 23:59:36      read   country_6  2458153053     Reddit          Asia 
1794 2018-01-01 23:59:36      read   country_7  2458153054    AdWords        Europe 
1795 2018-01-01 23:59:38      read   country_5  2458153055     Reddit          Asia 
      my_datetime [A]   event [B] country [C] user_id [D] source [E]   topic [F]   
    ------------------- --------- ----------- ----------- ---------- ------------- 
 82 2018-01-01 01:15:53      read   country_7  2458151342        SEO North America 
164 2018-01-01 02:19:48      read   country_7  2458151424     Reddit     Australia 
198 2018-01-01 02:49:03      read   country_2  2458151458     Reddit          Asia 
456 2018-01-01 06:09:33      read   country_7  2458151716        SEO        Europe 
716 2018-01-01 09:45:16      read   country_6  2458151976     Reddit     Australia 
   user_id [A] country [B] 
   ----------- ----------- 
 1  2458151261   country_7 
 2  2458151262   country_7 
 3  2458151263   country_7 
 4  2458151264   country_7 
 5  2458151265   country_8 
 6  2458151266   country_6 
 7  2458151267   country_2 
 8  2458151268   country_6 
 9  2458151269   country_7 
10  2458151270   country_5 
...and 1785 more rows
   event [A] user_id [B] 
   --------- ----------- 
 1      read  2458151261 
 2      read  2458151262 
 3      read  2458151263 
 4      read  2458151264 
 5      read  2458151265 
 6      read  2458151266 
 7      read  2458151267 
 8      read  2458151268 
 9      read  2458151269 
10      read  2458151270 
...and 1785 more rows
     my_datetime [A]   event [B] country [C] user_id [D] source [E]   topic [F]   
   ------------------- --------- ----------- ----------- ---------- ------------- 
 1 2018-01-01 00:01:01      read   country_7  2458151261        SEO North America 
 2 2018-01-01 00:03:20      read   country_7  2458151262        SEO South America 
12 2018-01-01 00:08:57      read   country_7  2458151272        SEO     Australia 
16 2018-01-01 00:11:22      read   country_7  2458151276        SEO North America 
17 2018-01-01 00:13:05      read   country_8  2458151277        SEO North America 
19 2018-01-01 00:13:39      read   country_4  2458151279        SEO North America 
27 2018-01-01 00:20:18      read   country_5  2458151287        SEO North America 
28 2018-01-01 00:20:44      read   country_2  2458151288        SEO North America 
31 2018-01-01 00:24:52      read   country_6  2458151291        SEO North America 
42 2018-01-01 00:35:23      read   country_5  2458151302        SEO          Asia 
...and 336 more rows
  country [A] user_id [B] 
  ----------- ----------- 
1   country_7  2458151261 
2   country_7  2458151262 
3   country_7  2458151263 
4   country_7  2458151264 
5   country_8  2458151265 
Read 22 rows with 3 columns
   animal [A] uniq_id [B] water_need [C] 
   ---------- ----------- -------------- 
 1   elephant        1001            500 
 2   elephant        1002            600 
 3   elephant        1003            550 
 4      tiger        1004            300 
 5      tiger        1005            320 
 6      tiger        1006            330 
 7      tiger        1007            290 
 8      tiger        1008            310 
 9      zebra        1009            200 
10      zebra        1010            220 
...and 12 more rows
Read 4 rows with 2 columns
Expanding target expression 'totalError'
Differentiating target expression totalError with respect to change variables: m b
Plan has 37 common sub-expressions and uses 296 bytes
Minimizing
Target 'totalError' reduced from 7.5 to 0

<table id="table_id" class="display">
<thead><tr>
  <th/><th>x [A]</th><th>actual [B]</th><th>prediction [C]</th><th>error [D]</th></thead></tr>
  <tbody>
    <tr><td>1</td><td>1</td><td>-0.5</td><td>m*A1+b</td><td>(m*A1+b-B1)²</td></tr>
    <tr><td>2</td><td>2</td><td>-1</td><td>m*A2+b</td><td>(m*A2+b-B2)²</td></tr>
    <tr><td>3</td><td>3</td><td>-1.5</td><td>m*A3+b</td><td>(m*A3+b-B3)²</td></tr>
    <tr><td>4</td><td>4</td><td>-2</td><td>m*A4+b</td><td>(m*A4+b-B4)²</td></tr>
  </tbody>
</table>

b=0<br/>
m=-0.5<br/>
totalError=sum((m*A+b-B)²)<br/>
]]></system-out>
  <system-err><![CDATA[]]></system-err>
</testsuite>
